#
# There is insufficient memory for the Java Runtime Environment to continue.
# Native memory allocation (mmap) failed to map 65536 bytes for Failed to commit metaspace.
# Possible reasons:
#   The system is out of physical RAM or swap space
#   The process is running with CompressedOops enabled, and the Java Heap may be blocking the growth of the native heap
# Possible solutions:
#   Reduce memory load on the system
#   Increase physical memory or swap space
#   Check if swap backing store is full
#   Decrease Java heap size (-Xmx/-Xms)
#   Decrease number of Java threads
#   Decrease Java thread stack sizes (-Xss)
#   Set larger code cache with -XX:ReservedCodeCacheSize=
#   JVM is running with Unscaled Compressed Oops mode in which the Java heap is
#     placed in the first 4GB address space. The Java Heap base address is the
#     maximum limit for the native heap growth. Please use -XX:HeapBaseMinAddress
#     to set the Java Heap base and to place the Java Heap above 4GB virtual address.
# This output file may be truncated or incomplete.
#
#  Out of Memory Error (virtualSpaceNode.cpp:110), pid=2748, tid=11184
#
# JRE version: OpenJDK Runtime Environment Temurin-17.0.2+8 (17.0.2+8) (build 17.0.2+8)
# Java VM: OpenJDK 64-Bit Server VM Temurin-17.0.2+8 (17.0.2+8, mixed mode, tiered, compressed oops, compressed class ptrs, parallel gc, windows-amd64)
# No core dump will be written. Minidumps are not enabled by default on client versions of Windows
#

---------------  S U M M A R Y ------------

Command Line: --add-modules=ALL-SYSTEM --add-opens=java.base/java.util=ALL-UNNAMED --add-opens=java.base/java.lang=ALL-UNNAMED --add-opens=java.base/sun.nio.fs=ALL-UNNAMED -Declipse.application=org.eclipse.jdt.ls.core.id1 -Dosgi.bundles.defaultStartLevel=4 -Declipse.product=org.eclipse.jdt.ls.core.product -Djava.import.generatesMetadataFilesAtProjectRoot=false -Dfile.encoding=utf8 -DwatchParentProcess=false -XX:+UseParallelGC -XX:GCTimeRatio=4 -XX:AdaptiveSizePolicyWeight=90 -Dsun.zip.disableMemoryMapping=true -Xmx1G -Xms100m -javaagent:c:\Users\usuario\.vscode\extensions\gabrielbb.vscode-lombok-1.0.1\server\lombok.jar -XX:+HeapDumpOnOutOfMemoryError -XX:HeapDumpPath=c:\Users\usuario\AppData\Roaming\Code\User\workspaceStorage\525cfb2ac674e386bca3c72332b9c7ab\redhat.java c:\Users\usuario\.vscode\extensions\redhat.java-1.5.0\server\plugins\org.eclipse.equinox.launcher_1.6.400.v20210924-0641.jar -configuration c:\Users\usuario\AppData\Roaming\Code\User\globalStorage\redhat.java\1.5.0\config_win -data c:\Users\usuario\AppData\Roaming\Code\User\workspaceStorage\525cfb2ac674e386bca3c72332b9c7ab\redhat.java\jdt_ws

Host: Intel(R) Core(TM) i5-8250U CPU @ 1.60GHz, 8 cores, 7G,  Windows 10 , 64 bit Build 19041 (10.0.19041.1706)
Time: Mon May 16 13:45:32 2022 Hora oficial do Brasil elapsed time: 1.098735 seconds (0d 0h 0m 1s)

---------------  T H R E A D  ---------------

Current thread (0x0000025ece5bffd0):  JavaThread "C1 CompilerThread0" daemon [_thread_in_vm, id=11184, stack(0x000000b33b600000,0x000000b33b700000)]


Current CompileTask:
C1:   1098  339   !   3       java.io.WinNTFileSystem::resolve (362 bytes)

Stack: [0x000000b33b600000,0x000000b33b700000]
Native frames: (J=compiled Java code, j=interpreted, Vv=VM code, C=native code)
V  [jvm.dll+0x67564a]
V  [jvm.dll+0x82fc04]
V  [jvm.dll+0x8313ae]
V  [jvm.dll+0x831a13]
V  [jvm.dll+0x245235]
V  [jvm.dll+0x82bbab]
V  [jvm.dll+0x61a336]
V  [jvm.dll+0x61a39a]
V  [jvm.dll+0x61cbba]
V  [jvm.dll+0x61acd6]
V  [jvm.dll+0x62be2a]
V  [jvm.dll+0x624c5a]
V  [jvm.dll+0x1cc340]
V  [jvm.dll+0x1cc52f]
V  [jvm.dll+0x1465e1]
V  [jvm.dll+0x146425]
V  [jvm.dll+0x13dc69]
V  [jvm.dll+0x140265]
V  [jvm.dll+0x13e544]
V  [jvm.dll+0x13851f]
V  [jvm.dll+0x147fe6]
V  [jvm.dll+0x133c30]
V  [jvm.dll+0x133f90]
V  [jvm.dll+0x134256]
V  [jvm.dll+0x1336ea]
V  [jvm.dll+0x1353b1]
V  [jvm.dll+0x226ef8]
V  [jvm.dll+0x22503c]
V  [jvm.dll+0x7e596b]
V  [jvm.dll+0x7dff2a]
V  [jvm.dll+0x6744d5]
C  [ucrtbase.dll+0x21bb2]
C  [KERNEL32.DLL+0x17034]
C  [ntdll.dll+0x52651]


---------------  P R O C E S S  ---------------

Threads class SMR info:
_java_thread_list=0x0000025ece6d20b0, length=11, elements={
0x0000025eb82482d0, 0x0000025ecc0c81b0, 0x0000025ecc0c9950, 0x0000025ece5b6140,
0x0000025ece5b6ec0, 0x0000025ece5bb910, 0x0000025ece5bc1d0, 0x0000025ece5bee80,
0x0000025ece5bffd0, 0x0000025ece5ed440, 0x0000025ece694250
}

Java Threads: ( => current thread )
  0x0000025eb82482d0 JavaThread "main" [_thread_in_vm, id=9964, stack(0x000000b33ac00000,0x000000b33ad00000)]
  0x0000025ecc0c81b0 JavaThread "Reference Handler" daemon [_thread_blocked, id=6544, stack(0x000000b33af00000,0x000000b33b000000)]
  0x0000025ecc0c9950 JavaThread "Finalizer" daemon [_thread_blocked, id=12812, stack(0x000000b33b000000,0x000000b33b100000)]
  0x0000025ece5b6140 JavaThread "Signal Dispatcher" daemon [_thread_blocked, id=8600, stack(0x000000b33b100000,0x000000b33b200000)]
  0x0000025ece5b6ec0 JavaThread "Attach Listener" daemon [_thread_blocked, id=6972, stack(0x000000b33b200000,0x000000b33b300000)]
  0x0000025ece5bb910 JavaThread "Service Thread" daemon [_thread_blocked, id=3396, stack(0x000000b33b300000,0x000000b33b400000)]
  0x0000025ece5bc1d0 JavaThread "Monitor Deflation Thread" daemon [_thread_blocked, id=13644, stack(0x000000b33b400000,0x000000b33b500000)]
  0x0000025ece5bee80 JavaThread "C2 CompilerThread0" daemon [_thread_blocked, id=6848, stack(0x000000b33b500000,0x000000b33b600000)]
=>0x0000025ece5bffd0 JavaThread "C1 CompilerThread0" daemon [_thread_in_vm, id=11184, stack(0x000000b33b600000,0x000000b33b700000)]
  0x0000025ece5ed440 JavaThread "Sweeper thread" daemon [_thread_blocked, id=5212, stack(0x000000b33b700000,0x000000b33b800000)]
  0x0000025ece694250 JavaThread "Common-Cleaner" daemon [_thread_blocked, id=4328, stack(0x000000b33b800000,0x000000b33b900000)]

Other Threads:
  0x0000025ecbf5b3d0 VMThread "VM Thread" [stack: 0x000000b33ae00000,0x000000b33af00000] [id=14628]
  0x0000025eb825e960 GCTaskThread "GC Thread#0" [stack: 0x000000b33ad00000,0x000000b33ae00000] [id=13012]

Threads with active compile tasks:
C1 CompilerThread0     1169  339   !   3       java.io.WinNTFileSystem::resolve (362 bytes)

VM state: not at safepoint (normal execution)

VM Mutex/Monitor currently owned by a thread:  ([mutex/lock_event])
[0x0000025eb8236330] Metaspace_lock - owner thread: 0x0000025ece5bffd0
[0x0000025eb8241ff0] MethodData_lock - owner thread: 0x0000025ece5bffd0

Heap address: 0x00000000c0000000, size: 1024 MB, Compressed Oops mode: 32-bit

CDS archive(s) not mapped
Compressed class space mapped at: 0x0000000100000000-0x0000000140000000, reserved size: 1073741824
Narrow klass base: 0x0000000000000000, Narrow klass shift: 3, Narrow klass range: 0x140000000

GC Precious Log:
 CPUs: 8 total, 8 available
 Memory: 8050M
 Large Page Support: Disabled
 NUMA Support: Disabled
 Compressed Oops: Enabled (32-bit)
 Alignments: Space 512K, Generation 512K, Heap 2M
 Heap Min Capacity: 100M
 Heap Initial Capacity: 100M
 Heap Max Capacity: 1G
 Pre-touch: Disabled
 Parallel Workers: 8

Heap:
 PSYoungGen      total 29696K, used 6818K [0x00000000eab00000, 0x00000000ecc00000, 0x0000000100000000)
  eden space 25600K, 26% used [0x00000000eab00000,0x00000000eb1a8af0,0x00000000ec400000)
  from space 4096K, 0% used [0x00000000ec800000,0x00000000ec800000,0x00000000ecc00000)
  to   space 4096K, 0% used [0x00000000ec400000,0x00000000ec400000,0x00000000ec800000)
 ParOldGen       total 68608K, used 0K [0x00000000c0000000, 0x00000000c4300000, 0x00000000eab00000)
  object space 68608K, 0% used [0x00000000c0000000,0x00000000c0000000,0x00000000c4300000)
 Metaspace       used 6097K, committed 6208K, reserved 1056768K
  class space    used 599K, committed 704K, reserved 1048576K

Card table byte_map: [0x0000025eb7c00000,0x0000025eb7e10000] _byte_map_base: 0x0000025eb7600000

Marking Bits: (ParMarkBitMap*) 0x00007fff54c13af0
 Begin Bits: [0x0000025ec9ed0000, 0x0000025ecaed0000)
 End Bits:   [0x0000025ecaed0000, 0x0000025ecbed0000)

Polling page: 0x0000025eb61b0000

Metaspace:

Usage:
  Non-class:      5.37 MB used.
      Class:    599.27 KB used.
       Both:      5.95 MB used.

Virtual space:
  Non-class space:        8.00 MB reserved,       5.38 MB ( 67%) committed,  1 nodes.
      Class space:        1.00 GB reserved,     704.00 KB ( <1%) committed,  1 nodes.
             Both:        1.01 GB reserved,       6.06 MB ( <1%) committed. 

Chunk freelists:
   Non-Class:  2.31 MB
       Class:  3.22 MB
        Both:  5.53 MB

MaxMetaspaceSize: unlimited
CompressedClassSpaceSize: 1.00 GB
Initial GC threshold: 21.00 MB
Current GC threshold: 21.00 MB
CDS: off
MetaspaceReclaimPolicy: balanced
 - commit_granule_bytes: 65536.
 - commit_granule_words: 8192.
 - virtual_space_node_default_size: 1048576.
 - enlarge_chunks_in_place: 1.
 - new_chunks_are_fully_committed: 0.
 - uncommit_free_chunks: 1.
 - use_allocation_guard: 0.
 - handle_deallocations: 1.


Internal statistics:

num_allocs_failed_limit: 0.
num_arena_births: 10.
num_arena_deaths: 0.
num_vsnodes_births: 2.
num_vsnodes_deaths: 0.
num_space_committed: 97.
num_space_uncommitted: 0.
num_chunks_returned_to_freelist: 0.
num_chunks_taken_from_freelist: 32.
num_chunk_merges: 0.
num_chunk_splits: 17.
num_chunks_enlarged: 16.
num_purges: 0.
num_inconsistent_stats: 0.

CodeHeap 'non-profiled nmethods': size=120000Kb used=97Kb max_used=97Kb free=119902Kb
 bounds [0x0000025ec29a0000, 0x0000025ec2c10000, 0x0000025ec9ed0000]
CodeHeap 'profiled nmethods': size=120000Kb used=414Kb max_used=414Kb free=119586Kb
 bounds [0x0000025ebb470000, 0x0000025ebb6e0000, 0x0000025ec29a0000]
CodeHeap 'non-nmethods': size=5760Kb used=1097Kb max_used=1111Kb free=4663Kb
 bounds [0x0000025ebaed0000, 0x0000025ebb140000, 0x0000025ebb470000]
 total_blobs=712 nmethods=338 adapters=289
 compilation: enabled
              stopped_count=0, restarted_count=0
 full_count=0

Compilation events (20 events):
Event: 1.062 Thread 0x0000025ece5bffd0 nmethod 329 0x0000025ebb4d1590 code [0x0000025ebb4d1800, 0x0000025ebb4d22f8]
Event: 1.062 Thread 0x0000025ece5bffd0  328       3       java.lang.String::toLowerCase (29 bytes)
Event: 1.062 Thread 0x0000025ece5bffd0 nmethod 328 0x0000025ebb4d2710 code [0x0000025ebb4d28e0, 0x0000025ebb4d2b98]
Event: 1.072 Thread 0x0000025ece5bffd0  330   !   3       java.nio.DirectIntBufferU::get (34 bytes)
Event: 1.073 Thread 0x0000025ece5bffd0 nmethod 330 0x0000025ebb4d2c90 code [0x0000025ebb4d2ec0, 0x0000025ebb4d36d8]
Event: 1.073 Thread 0x0000025ece5bffd0  331       3       java.nio.DirectIntBufferU::ix (10 bytes)
Event: 1.073 Thread 0x0000025ece5bffd0 nmethod 331 0x0000025ebb4d3b90 code [0x0000025ebb4d3d20, 0x0000025ebb4d3e38]
Event: 1.082 Thread 0x0000025ece5bffd0  332       3       jdk.internal.jimage.ImageStringsReader::match (11 bytes)
Event: 1.083 Thread 0x0000025ece5bffd0 nmethod 332 0x0000025ebb4d3f10 code [0x0000025ebb4d40c0, 0x0000025ebb4d4288]
Event: 1.083 Thread 0x0000025ece5bffd0  334       3       jdk.internal.jimage.ImageStringsReader::hashCode (33 bytes)
Event: 1.083 Thread 0x0000025ece5bffd0 nmethod 334 0x0000025ebb4d4390 code [0x0000025ebb4d4540, 0x0000025ebb4d46b8]
Event: 1.083 Thread 0x0000025ece5bffd0  333       3       jdk.internal.jimage.BasicImageReader::match (37 bytes)
Event: 1.083 Thread 0x0000025ece5bffd0 nmethod 333 0x0000025ebb4d4790 code [0x0000025ebb4d4940, 0x0000025ebb4d4b98]
Event: 1.085 Thread 0x0000025ece5bffd0  335       3       java.io.WinNTFileSystem::prefixLength (91 bytes)
Event: 1.086 Thread 0x0000025ece5bffd0 nmethod 335 0x0000025ebb4d4c90 code [0x0000025ebb4d4fa0, 0x0000025ebb4d6318]
Event: 1.088 Thread 0x0000025ece5bffd0  336       3       java.lang.ClassLoader::getResource (41 bytes)
Event: 1.088 Thread 0x0000025ece5bffd0 nmethod 336 0x0000025ebb4d6a10 code [0x0000025ebb4d6c00, 0x0000025ebb4d71f8]
Event: 1.089 Thread 0x0000025ece5bffd0  337       3       java.io.FileSystem::hasBooleanAttributes (17 bytes)
Event: 1.089 Thread 0x0000025ece5bffd0 nmethod 337 0x0000025ebb4d7410 code [0x0000025ebb4d75c0, 0x0000025ebb4d7768]
Event: 1.090 Thread 0x0000025ece5bffd0  339   !   3       java.io.WinNTFileSystem::resolve (362 bytes)

GC Heap History (0 events):
No events

Deoptimization events (0 events):
No events

Classes unloaded (0 events):
No events

Classes redefined (0 events):
No events

Internal exceptions (2 events):
Event: 0.731 Thread 0x0000025eb82482d0 Exception <a 'java/lang/NoSuchMethodError'{0x00000000eac32140}: 'void java.lang.invoke.DirectMethodHandle$Holder.invokeStatic(java.lang.Object, java.lang.Object, java.lang.Object)'> (0x00000000eac32140) 
thrown [e:\jenkins\tmp\workspace\build\src\src\hotspot\share\interpreter\linkResolver.cpp, line 766]
Event: 0.991 Thread 0x0000025eb82482d0 Exception <a 'java/lang/reflect/InvocationTargetException'{0x00000000eaf65c28}> (0x00000000eaf65c28) 
thrown [e:\jenkins\tmp\workspace\build\src\src\hotspot\share\runtime\reflection.cpp, line 1121]

VM Operations (4 events):
Event: 0.741 Executing VM operation: HandshakeAllThreads
Event: 0.741 Executing VM operation: HandshakeAllThreads done
Event: 0.895 Executing VM operation: HandshakeAllThreads
Event: 0.895 Executing VM operation: HandshakeAllThreads done

Events (20 events):
Event: 1.024 loading class java/util/regex/Pattern$TreeInfo
Event: 1.024 loading class java/util/regex/Pattern$TreeInfo done
Event: 1.024 loading class java/util/regex/Pattern$Curly
Event: 1.024 loading class java/util/regex/Pattern$Curly done
Event: 1.024 loading class java/util/regex/Pattern$Ques
Event: 1.024 loading class java/util/regex/Pattern$Ques done
Event: 1.025 loading class java/util/regex/Pattern$Loop
Event: 1.025 loading class java/util/regex/Pattern$Loop done
Event: 1.025 loading class java/util/regex/Pattern$Prolog
Event: 1.025 loading class java/util/regex/Pattern$Prolog done
Event: 1.025 loading class java/util/regex/Pattern$Dollar
Event: 1.025 loading class java/util/regex/Pattern$Dollar done
Event: 1.025 loading class java/util/regex/Pattern$GroupCurly
Event: 1.025 loading class java/util/regex/Pattern$GroupCurly done
Event: 1.065 loading class java/lang/AssertionError
Event: 1.067 loading class java/lang/AssertionError done
Event: 1.068 loading class java/util/Collections$SingletonSet
Event: 1.069 loading class java/util/Collections$SingletonSet done
Event: 1.069 loading class java/util/Collections$1
Event: 1.069 loading class java/util/Collections$1 done


Dynamic libraries:
0x00007ff6ce980000 - 0x00007ff6ce98e000 	c:\Users\usuario\.vscode\extensions\redhat.java-1.5.0\jre\17.0.2-win32-x86_64\bin\java.exe
0x00007fffbc070000 - 0x00007fffbc265000 	C:\Windows\SYSTEM32\ntdll.dll
0x00007fffbaff0000 - 0x00007fffbb0ad000 	C:\Windows\System32\KERNEL32.DLL
0x00007fffb9b40000 - 0x00007fffb9e0d000 	C:\Windows\System32\KERNELBASE.dll
0x00007fffb9810000 - 0x00007fffb9910000 	C:\Windows\System32\ucrtbase.dll
0x00007fffaee40000 - 0x00007fffaee58000 	c:\Users\usuario\.vscode\extensions\redhat.java-1.5.0\jre\17.0.2-win32-x86_64\bin\jli.dll
0x00007fffbbd20000 - 0x00007fffbbec0000 	C:\Windows\System32\USER32.dll
0x00007fffba090000 - 0x00007fffba0b2000 	C:\Windows\System32\win32u.dll
0x00007fffba730000 - 0x00007fffba75a000 	C:\Windows\System32\GDI32.dll
0x00007fffb9f80000 - 0x00007fffba08b000 	C:\Windows\System32\gdi32full.dll
0x00007fffb9a70000 - 0x00007fffb9b0d000 	C:\Windows\System32\msvcp_win.dll
0x00007fffa4d60000 - 0x00007fffa4d79000 	c:\Users\usuario\.vscode\extensions\redhat.java-1.5.0\jre\17.0.2-win32-x86_64\bin\VCRUNTIME140.dll
0x00007fffabda0000 - 0x00007fffac03a000 	C:\Windows\WinSxS\amd64_microsoft.windows.common-controls_6595b64144ccf1df_6.0.19041.1110_none_60b5254171f9507e\COMCTL32.dll
0x00007fffbbf30000 - 0x00007fffbbfce000 	C:\Windows\System32\msvcrt.dll
0x00007fffbade0000 - 0x00007fffbae10000 	C:\Windows\System32\IMM32.DLL
0x00007fffb1420000 - 0x00007fffb142c000 	c:\Users\usuario\.vscode\extensions\redhat.java-1.5.0\jre\17.0.2-win32-x86_64\bin\vcruntime140_1.dll
0x00007fff819e0000 - 0x00007fff81a71000 	c:\Users\usuario\.vscode\extensions\redhat.java-1.5.0\jre\17.0.2-win32-x86_64\bin\msvcp140.dll
0x00007fff54090000 - 0x00007fff54cd7000 	c:\Users\usuario\.vscode\extensions\redhat.java-1.5.0\jre\17.0.2-win32-x86_64\bin\server\jvm.dll
0x00007fffba0c0000 - 0x00007fffba16e000 	C:\Windows\System32\ADVAPI32.dll
0x00007fffba8c0000 - 0x00007fffba95c000 	C:\Windows\System32\sechost.dll
0x00007fffbae10000 - 0x00007fffbaf35000 	C:\Windows\System32\RPCRT4.dll
0x00007fffbbb00000 - 0x00007fffbbb08000 	C:\Windows\System32\PSAPI.DLL
0x00007fffaa800000 - 0x00007fffaa809000 	C:\Windows\SYSTEM32\WSOCK32.dll
0x00007fffbb160000 - 0x00007fffbb1cb000 	C:\Windows\System32\WS2_32.dll
0x00007fffabb00000 - 0x00007fffabb27000 	C:\Windows\SYSTEM32\WINMM.dll
0x00007fffb0f40000 - 0x00007fffb0f4a000 	C:\Windows\SYSTEM32\VERSION.dll
0x00007fffb8060000 - 0x00007fffb8072000 	C:\Windows\SYSTEM32\kernel.appcore.dll
0x00007fffaf2d0000 - 0x00007fffaf2da000 	c:\Users\usuario\.vscode\extensions\redhat.java-1.5.0\jre\17.0.2-win32-x86_64\bin\jimage.dll
0x00007fffb43e0000 - 0x00007fffb45c4000 	C:\Windows\SYSTEM32\DBGHELP.DLL
0x00007fffaf510000 - 0x00007fffaf53c000 	C:\Windows\SYSTEM32\dbgcore.DLL
0x00007fffb9780000 - 0x00007fffb9802000 	C:\Windows\System32\bcryptPrimitives.dll
0x00007fffaf040000 - 0x00007fffaf04e000 	c:\Users\usuario\.vscode\extensions\redhat.java-1.5.0\jre\17.0.2-win32-x86_64\bin\instrument.dll
0x00007fff8b2f0000 - 0x00007fff8b315000 	c:\Users\usuario\.vscode\extensions\redhat.java-1.5.0\jre\17.0.2-win32-x86_64\bin\java.dll
0x00007fff9b780000 - 0x00007fff9b798000 	c:\Users\usuario\.vscode\extensions\redhat.java-1.5.0\jre\17.0.2-win32-x86_64\bin\zip.dll
0x00007fffbb280000 - 0x00007fffbb9c4000 	C:\Windows\System32\SHELL32.dll
0x00007fffb7830000 - 0x00007fffb7fc4000 	C:\Windows\SYSTEM32\windows.storage.dll
0x00007fffbaa80000 - 0x00007fffbadd4000 	C:\Windows\System32\combase.dll
0x00007fffb9170000 - 0x00007fffb919c000 	C:\Windows\SYSTEM32\Wldp.dll
0x00007fffbb1d0000 - 0x00007fffbb27d000 	C:\Windows\System32\SHCORE.dll
0x00007fffbbed0000 - 0x00007fffbbf25000 	C:\Windows\System32\shlwapi.dll
0x00007fffb96c0000 - 0x00007fffb96df000 	C:\Windows\SYSTEM32\profapi.dll
0x00007fff9b5f0000 - 0x00007fff9b609000 	C:\Users\usuario\.vscode\extensions\redhat.java-1.5.0\jre\17.0.2-win32-x86_64\bin\net.dll
0x00007fffac9c0000 - 0x00007fffacaca000 	C:\Windows\SYSTEM32\WINHTTP.dll
0x00007fffb8ed0000 - 0x00007fffb8f3a000 	C:\Windows\system32\mswsock.dll
0x00007fff9aed0000 - 0x00007fff9aee5000 	C:\Users\usuario\.vscode\extensions\redhat.java-1.5.0\jre\17.0.2-win32-x86_64\bin\nio.dll
0x00007fffad820000 - 0x00007fffad830000 	c:\Users\usuario\.vscode\extensions\redhat.java-1.5.0\jre\17.0.2-win32-x86_64\bin\verify.dll

dbghelp: loaded successfully - version: 4.0.5 - missing functions: none
symbol engine: initialized successfully - sym options: 0x614 - pdb path: .;c:\Users\usuario\.vscode\extensions\redhat.java-1.5.0\jre\17.0.2-win32-x86_64\bin;C:\Windows\SYSTEM32;C:\Windows\WinSxS\amd64_microsoft.windows.common-controls_6595b64144ccf1df_6.0.19041.1110_none_60b5254171f9507e;c:\Users\usuario\.vscode\extensions\redhat.java-1.5.0\jre\17.0.2-win32-x86_64\bin\server

VM Arguments:
jvm_args: --add-modules=ALL-SYSTEM --add-opens=java.base/java.util=ALL-UNNAMED --add-opens=java.base/java.lang=ALL-UNNAMED --add-opens=java.base/sun.nio.fs=ALL-UNNAMED -Declipse.application=org.eclipse.jdt.ls.core.id1 -Dosgi.bundles.defaultStartLevel=4 -Declipse.product=org.eclipse.jdt.ls.core.product -Djava.import.generatesMetadataFilesAtProjectRoot=false -Dfile.encoding=utf8 -DwatchParentProcess=false -XX:+UseParallelGC -XX:GCTimeRatio=4 -XX:AdaptiveSizePolicyWeight=90 -Dsun.zip.disableMemoryMapping=true -Xmx1G -Xms100m -javaagent:c:\Users\usuario\.vscode\extensions\gabrielbb.vscode-lombok-1.0.1\server\lombok.jar -XX:+HeapDumpOnOutOfMemoryError -XX:HeapDumpPath=c:\Users\usuario\AppData\Roaming\Code\User\workspaceStorage\525cfb2ac674e386bca3c72332b9c7ab\redhat.java 
java_command: c:\Users\usuario\.vscode\extensions\redhat.java-1.5.0\server\plugins\org.eclipse.equinox.launcher_1.6.400.v20210924-0641.jar -configuration c:\Users\usuario\AppData\Roaming\Code\User\globalStorage\redhat.java\1.5.0\config_win -data c:\Users\usuario\AppData\Roaming\Code\User\workspaceStorage\525cfb2ac674e386bca3c72332b9c7ab\redhat.java\jdt_ws
java_class_path (initial): c:\Users\usuario\.vscode\extensions\redhat.java-1.5.0\server\plugins\org.eclipse.equinox.launcher_1.6.400.v20210924-0641.jar
Launcher Type: SUN_STANDARD

[Global flags]
    uintx AdaptiveSizePolicyWeight                 = 90                                        {product} {command line}
     intx CICompilerCount                          = 4                                         {product} {ergonomic}
    uintx GCTimeRatio                              = 4                                         {product} {command line}
     bool HeapDumpOnOutOfMemoryError               = true                                   {manageable} {command line}
    ccstr HeapDumpPath                             = c:\Users\usuario\AppData\Roaming\Code\User\workspaceStorage\525cfb2ac674e386bca3c72332b9c7ab\redhat.java         {manageable} {command line}
   size_t InitialHeapSize                          = 104857600                                 {product} {command line}
   size_t MaxHeapSize                              = 1073741824                                {product} {command line}
   size_t MaxNewSize                               = 357564416                                 {product} {ergonomic}
   size_t MinHeapDeltaBytes                        = 524288                                    {product} {ergonomic}
   size_t MinHeapSize                              = 104857600                                 {product} {command line}
   size_t NewSize                                  = 34603008                                  {product} {ergonomic}
    uintx NonNMethodCodeHeapSize                   = 5839372                                {pd product} {ergonomic}
    uintx NonProfiledCodeHeapSize                  = 122909434                              {pd product} {ergonomic}
   size_t OldSize                                  = 70254592                                  {product} {ergonomic}
    uintx ProfiledCodeHeapSize                     = 122909434                              {pd product} {ergonomic}
    uintx ReservedCodeCacheSize                    = 251658240                              {pd product} {ergonomic}
     bool SegmentedCodeCache                       = true                                      {product} {ergonomic}
   size_t SoftMaxHeapSize                          = 1073741824                             {manageable} {ergonomic}
     bool UseCompressedClassPointers               = true                           {product lp64_product} {ergonomic}
     bool UseCompressedOops                        = true                           {product lp64_product} {ergonomic}
     bool UseLargePagesIndividualAllocation        = false                                  {pd product} {ergonomic}
     bool UseParallelGC                            = true                                      {product} {command line}

Logging:
Log output configuration:
 #0: stdout all=warning uptime,level,tags
 #1: stderr all=off uptime,level,tags

Environment Variables:
PATH=C:\Program Files\Common Files\Oracle\Java\javapath;C:\Program Files (x86)\Common Files\Oracle\Java\javapath;C:\Windows\system32;C:\Windows;C:\Windows\System32\Wbem;C:\Windows\System32\WindowsPowerShell\v1.0\;C:\Windows\System32\OpenSSH\;C:\ProgramData\UNIVALI\Portugol Studio;C:\Program Files\Git\cmd;C:\Program Files\nodejs\;C:\Program Files (x86)\Intel\Intel(R) Management Engine Components\DAL;C:\Program Files\Intel\Intel(R) Management Engine Components\DAL;C:\Program Files\MySQL\MySQL Shell 8.0\bin\;C:\Users\usuario\AppData\Local\Microsoft\WindowsApps;C:\Users\usuario\AppData\Local\Programs\Microsoft VS Code\bin;C:\Users\usuario\AppData\Roaming\npm
USERNAME=usuario
OS=Windows_NT
PROCESSOR_IDENTIFIER=Intel64 Family 6 Model 142 Stepping 10, GenuineIntel



---------------  S Y S T E M  ---------------

OS:
 Windows 10 , 64 bit Build 19041 (10.0.19041.1706)
OS uptime: 4 days 5:53 hours

CPU: total 8 (initial active 8) (4 cores per cpu, 2 threads per core) family 6 model 142 stepping 10 microcode 0xe0, cx8, cmov, fxsr, ht, mmx, 3dnowpref, sse, sse2, sse3, ssse3, sse4.1, sse4.2, popcnt, lzcnt, tsc, tscinvbit, avx, avx2, aes, erms, clmul, bmi1, bmi2, adx, fma, vzeroupper, clflush, clflushopt

Memory: 4k page, system-wide physical 8050M (237M free)
TotalPageFile size 12146M (AvailPageFile size 17M)
current process WorkingSet (physical memory assigned to process): 37M, peak: 37M
current process commit charge ("private bytes"): 185M, peak: 186M

vm_info: OpenJDK 64-Bit Server VM (17.0.2+8) for windows-amd64 JRE (17.0.2+8), built on Jan 20 2022 04:52:34 by "" with MS VC++ 16.7 (VS2019)

END.
